ERROR 2025-11-06 18:50:09,664 log Internal Server Error: /admin/login/
Traceback (most recent call last):
  File "/home/vboxuser/homework/diplom/diplom_project/lib/python3.12/site-packages/django/core/handlers/exception.py", line 55, in inner
    response = get_response(request)
               ^^^^^^^^^^^^^^^^^^^^^
  File "/home/vboxuser/homework/diplom/diplom_project/lib/python3.12/site-packages/django/core/handlers/base.py", line 220, in _get_response
    response = response.render()
               ^^^^^^^^^^^^^^^^^
  File "/home/vboxuser/homework/diplom/diplom_project/lib/python3.12/site-packages/django/template/response.py", line 114, in render
    self.content = self.rendered_content
                   ^^^^^^^^^^^^^^^^^^^^^
  File "/home/vboxuser/homework/diplom/diplom_project/lib/python3.12/site-packages/django/template/response.py", line 92, in rendered_content
    return template.render(context, self._request)
           ^^^^^^^^^^^^^^^^^^^^^^^^^^^^^^^^^^^^^^^
  File "/home/vboxuser/homework/diplom/diplom_project/lib/python3.12/site-packages/django/template/backends/django.py", line 107, in render
    return self.template.render(context)
           ^^^^^^^^^^^^^^^^^^^^^^^^^^^^^
  File "/home/vboxuser/homework/diplom/diplom_project/lib/python3.12/site-packages/django/template/base.py", line 171, in render
    return self._render(context)
           ^^^^^^^^^^^^^^^^^^^^^
  File "/home/vboxuser/homework/diplom/diplom_project/lib/python3.12/site-packages/django/template/base.py", line 163, in _render
    return self.nodelist.render(context)
           ^^^^^^^^^^^^^^^^^^^^^^^^^^^^^
  File "/home/vboxuser/homework/diplom/diplom_project/lib/python3.12/site-packages/django/template/base.py", line 1016, in render
    return SafeString("".join([node.render_annotated(context) for node in self]))
                               ^^^^^^^^^^^^^^^^^^^^^^^^^^^^^^
  File "/home/vboxuser/homework/diplom/diplom_project/lib/python3.12/site-packages/django/template/base.py", line 977, in render_annotated
    return self.render(context)
           ^^^^^^^^^^^^^^^^^^^^
  File "/home/vboxuser/homework/diplom/diplom_project/lib/python3.12/site-packages/django/template/loader_tags.py", line 159, in render
    return compiled_parent._render(context)
           ^^^^^^^^^^^^^^^^^^^^^^^^^^^^^^^^
  File "/home/vboxuser/homework/diplom/diplom_project/lib/python3.12/site-packages/django/template/base.py", line 163, in _render
    return self.nodelist.render(context)
           ^^^^^^^^^^^^^^^^^^^^^^^^^^^^^
  File "/home/vboxuser/homework/diplom/diplom_project/lib/python3.12/site-packages/django/template/base.py", line 1016, in render
    return SafeString("".join([node.render_annotated(context) for node in self]))
                               ^^^^^^^^^^^^^^^^^^^^^^^^^^^^^^
  File "/home/vboxuser/homework/diplom/diplom_project/lib/python3.12/site-packages/django/template/base.py", line 977, in render_annotated
    return self.render(context)
           ^^^^^^^^^^^^^^^^^^^^
  File "/home/vboxuser/homework/diplom/diplom_project/lib/python3.12/site-packages/django/template/loader_tags.py", line 159, in render
    return compiled_parent._render(context)
           ^^^^^^^^^^^^^^^^^^^^^^^^^^^^^^^^
  File "/home/vboxuser/homework/diplom/diplom_project/lib/python3.12/site-packages/django/template/base.py", line 163, in _render
    return self.nodelist.render(context)
           ^^^^^^^^^^^^^^^^^^^^^^^^^^^^^
  File "/home/vboxuser/homework/diplom/diplom_project/lib/python3.12/site-packages/django/template/base.py", line 1016, in render
    return SafeString("".join([node.render_annotated(context) for node in self]))
                               ^^^^^^^^^^^^^^^^^^^^^^^^^^^^^^
  File "/home/vboxuser/homework/diplom/diplom_project/lib/python3.12/site-packages/django/template/base.py", line 977, in render_annotated
    return self.render(context)
           ^^^^^^^^^^^^^^^^^^^^
  File "/home/vboxuser/homework/diplom/diplom_project/lib/python3.12/site-packages/django/template/loader_tags.py", line 65, in render
    result = block.nodelist.render(context)
             ^^^^^^^^^^^^^^^^^^^^^^^^^^^^^^
  File "/home/vboxuser/homework/diplom/diplom_project/lib/python3.12/site-packages/django/template/base.py", line 1016, in render
    return SafeString("".join([node.render_annotated(context) for node in self]))
                               ^^^^^^^^^^^^^^^^^^^^^^^^^^^^^^
  File "/home/vboxuser/homework/diplom/diplom_project/lib/python3.12/site-packages/django/template/base.py", line 977, in render_annotated
    return self.render(context)
           ^^^^^^^^^^^^^^^^^^^^
  File "/home/vboxuser/homework/diplom/diplom_project/lib/python3.12/site-packages/django/template/library.py", line 321, in render
    output = self.func(*resolved_args, **resolved_kwargs)
             ^^^^^^^^^^^^^^^^^^^^^^^^^^^^^^^^^^^^^^^^^^^^
  File "/home/vboxuser/homework/diplom/diplom_project/lib/python3.12/site-packages/baton/templatetags/baton_tags.py", line 69, in baton_config
    "app_list": reverse('baton-app-list-json'),
                ^^^^^^^^^^^^^^^^^^^^^^^^^^^^^^
  File "/home/vboxuser/homework/diplom/diplom_project/lib/python3.12/site-packages/django/urls/base.py", line 98, in reverse
    resolved_url = resolver._reverse_with_prefix(view, prefix, *args, **kwargs)
                   ^^^^^^^^^^^^^^^^^^^^^^^^^^^^^^^^^^^^^^^^^^^^^^^^^^^^^^^^^^^^
  File "/home/vboxuser/homework/diplom/diplom_project/lib/python3.12/site-packages/django/urls/resolvers.py", line 831, in _reverse_with_prefix
    raise NoReverseMatch(msg)
django.urls.exceptions.NoReverseMatch: Reverse for 'baton-app-list-json' not found. 'baton-app-list-json' is not a valid view function or pattern name.
ERROR 2025-11-06 18:50:09,667 basehttp "GET /admin/login/?next=/admin/ HTTP/1.1" 500 217661
ERROR 2025-11-06 18:50:22,339 log Internal Server Error: /admin/login/
Traceback (most recent call last):
  File "/home/vboxuser/homework/diplom/diplom_project/lib/python3.12/site-packages/django/core/handlers/exception.py", line 55, in inner
    response = get_response(request)
               ^^^^^^^^^^^^^^^^^^^^^
  File "/home/vboxuser/homework/diplom/diplom_project/lib/python3.12/site-packages/django/core/handlers/base.py", line 220, in _get_response
    response = response.render()
               ^^^^^^^^^^^^^^^^^
  File "/home/vboxuser/homework/diplom/diplom_project/lib/python3.12/site-packages/django/template/response.py", line 114, in render
    self.content = self.rendered_content
                   ^^^^^^^^^^^^^^^^^^^^^
  File "/home/vboxuser/homework/diplom/diplom_project/lib/python3.12/site-packages/django/template/response.py", line 92, in rendered_content
    return template.render(context, self._request)
           ^^^^^^^^^^^^^^^^^^^^^^^^^^^^^^^^^^^^^^^
  File "/home/vboxuser/homework/diplom/diplom_project/lib/python3.12/site-packages/django/template/backends/django.py", line 107, in render
    return self.template.render(context)
           ^^^^^^^^^^^^^^^^^^^^^^^^^^^^^
  File "/home/vboxuser/homework/diplom/diplom_project/lib/python3.12/site-packages/django/template/base.py", line 171, in render
    return self._render(context)
           ^^^^^^^^^^^^^^^^^^^^^
  File "/home/vboxuser/homework/diplom/diplom_project/lib/python3.12/site-packages/django/template/base.py", line 163, in _render
    return self.nodelist.render(context)
           ^^^^^^^^^^^^^^^^^^^^^^^^^^^^^
  File "/home/vboxuser/homework/diplom/diplom_project/lib/python3.12/site-packages/django/template/base.py", line 1016, in render
    return SafeString("".join([node.render_annotated(context) for node in self]))
                               ^^^^^^^^^^^^^^^^^^^^^^^^^^^^^^
  File "/home/vboxuser/homework/diplom/diplom_project/lib/python3.12/site-packages/django/template/base.py", line 977, in render_annotated
    return self.render(context)
           ^^^^^^^^^^^^^^^^^^^^
  File "/home/vboxuser/homework/diplom/diplom_project/lib/python3.12/site-packages/django/template/loader_tags.py", line 159, in render
    return compiled_parent._render(context)
           ^^^^^^^^^^^^^^^^^^^^^^^^^^^^^^^^
  File "/home/vboxuser/homework/diplom/diplom_project/lib/python3.12/site-packages/django/template/base.py", line 163, in _render
    return self.nodelist.render(context)
           ^^^^^^^^^^^^^^^^^^^^^^^^^^^^^
  File "/home/vboxuser/homework/diplom/diplom_project/lib/python3.12/site-packages/django/template/base.py", line 1016, in render
    return SafeString("".join([node.render_annotated(context) for node in self]))
                               ^^^^^^^^^^^^^^^^^^^^^^^^^^^^^^
  File "/home/vboxuser/homework/diplom/diplom_project/lib/python3.12/site-packages/django/template/base.py", line 977, in render_annotated
    return self.render(context)
           ^^^^^^^^^^^^^^^^^^^^
  File "/home/vboxuser/homework/diplom/diplom_project/lib/python3.12/site-packages/django/template/loader_tags.py", line 159, in render
    return compiled_parent._render(context)
           ^^^^^^^^^^^^^^^^^^^^^^^^^^^^^^^^
  File "/home/vboxuser/homework/diplom/diplom_project/lib/python3.12/site-packages/django/template/base.py", line 163, in _render
    return self.nodelist.render(context)
           ^^^^^^^^^^^^^^^^^^^^^^^^^^^^^
  File "/home/vboxuser/homework/diplom/diplom_project/lib/python3.12/site-packages/django/template/base.py", line 1016, in render
    return SafeString("".join([node.render_annotated(context) for node in self]))
                               ^^^^^^^^^^^^^^^^^^^^^^^^^^^^^^
  File "/home/vboxuser/homework/diplom/diplom_project/lib/python3.12/site-packages/django/template/base.py", line 977, in render_annotated
    return self.render(context)
           ^^^^^^^^^^^^^^^^^^^^
  File "/home/vboxuser/homework/diplom/diplom_project/lib/python3.12/site-packages/django/template/loader_tags.py", line 65, in render
    result = block.nodelist.render(context)
             ^^^^^^^^^^^^^^^^^^^^^^^^^^^^^^
  File "/home/vboxuser/homework/diplom/diplom_project/lib/python3.12/site-packages/django/template/base.py", line 1016, in render
    return SafeString("".join([node.render_annotated(context) for node in self]))
                               ^^^^^^^^^^^^^^^^^^^^^^^^^^^^^^
  File "/home/vboxuser/homework/diplom/diplom_project/lib/python3.12/site-packages/django/template/base.py", line 977, in render_annotated
    return self.render(context)
           ^^^^^^^^^^^^^^^^^^^^
  File "/home/vboxuser/homework/diplom/diplom_project/lib/python3.12/site-packages/django/template/library.py", line 321, in render
    output = self.func(*resolved_args, **resolved_kwargs)
             ^^^^^^^^^^^^^^^^^^^^^^^^^^^^^^^^^^^^^^^^^^^^
  File "/home/vboxuser/homework/diplom/diplom_project/lib/python3.12/site-packages/baton/templatetags/baton_tags.py", line 69, in baton_config
    "app_list": reverse('baton-app-list-json'),
                ^^^^^^^^^^^^^^^^^^^^^^^^^^^^^^
  File "/home/vboxuser/homework/diplom/diplom_project/lib/python3.12/site-packages/django/urls/base.py", line 98, in reverse
    resolved_url = resolver._reverse_with_prefix(view, prefix, *args, **kwargs)
                   ^^^^^^^^^^^^^^^^^^^^^^^^^^^^^^^^^^^^^^^^^^^^^^^^^^^^^^^^^^^^
  File "/home/vboxuser/homework/diplom/diplom_project/lib/python3.12/site-packages/django/urls/resolvers.py", line 831, in _reverse_with_prefix
    raise NoReverseMatch(msg)
django.urls.exceptions.NoReverseMatch: Reverse for 'baton-app-list-json' not found. 'baton-app-list-json' is not a valid view function or pattern name.
ERROR 2025-11-06 18:50:22,341 basehttp "GET /admin/login/?next=/admin/l HTTP/1.1" 500 217704
ERROR 2025-11-06 18:50:26,666 log Internal Server Error: /admin/login/
Traceback (most recent call last):
  File "/home/vboxuser/homework/diplom/diplom_project/lib/python3.12/site-packages/django/core/handlers/exception.py", line 55, in inner
    response = get_response(request)
               ^^^^^^^^^^^^^^^^^^^^^
  File "/home/vboxuser/homework/diplom/diplom_project/lib/python3.12/site-packages/django/core/handlers/base.py", line 220, in _get_response
    response = response.render()
               ^^^^^^^^^^^^^^^^^
  File "/home/vboxuser/homework/diplom/diplom_project/lib/python3.12/site-packages/django/template/response.py", line 114, in render
    self.content = self.rendered_content
                   ^^^^^^^^^^^^^^^^^^^^^
  File "/home/vboxuser/homework/diplom/diplom_project/lib/python3.12/site-packages/django/template/response.py", line 92, in rendered_content
    return template.render(context, self._request)
           ^^^^^^^^^^^^^^^^^^^^^^^^^^^^^^^^^^^^^^^
  File "/home/vboxuser/homework/diplom/diplom_project/lib/python3.12/site-packages/django/template/backends/django.py", line 107, in render
    return self.template.render(context)
           ^^^^^^^^^^^^^^^^^^^^^^^^^^^^^
  File "/home/vboxuser/homework/diplom/diplom_project/lib/python3.12/site-packages/django/template/base.py", line 171, in render
    return self._render(context)
           ^^^^^^^^^^^^^^^^^^^^^
  File "/home/vboxuser/homework/diplom/diplom_project/lib/python3.12/site-packages/django/template/base.py", line 163, in _render
    return self.nodelist.render(context)
           ^^^^^^^^^^^^^^^^^^^^^^^^^^^^^
  File "/home/vboxuser/homework/diplom/diplom_project/lib/python3.12/site-packages/django/template/base.py", line 1016, in render
    return SafeString("".join([node.render_annotated(context) for node in self]))
                               ^^^^^^^^^^^^^^^^^^^^^^^^^^^^^^
  File "/home/vboxuser/homework/diplom/diplom_project/lib/python3.12/site-packages/django/template/base.py", line 977, in render_annotated
    return self.render(context)
           ^^^^^^^^^^^^^^^^^^^^
  File "/home/vboxuser/homework/diplom/diplom_project/lib/python3.12/site-packages/django/template/loader_tags.py", line 159, in render
    return compiled_parent._render(context)
           ^^^^^^^^^^^^^^^^^^^^^^^^^^^^^^^^
  File "/home/vboxuser/homework/diplom/diplom_project/lib/python3.12/site-packages/django/template/base.py", line 163, in _render
    return self.nodelist.render(context)
           ^^^^^^^^^^^^^^^^^^^^^^^^^^^^^
  File "/home/vboxuser/homework/diplom/diplom_project/lib/python3.12/site-packages/django/template/base.py", line 1016, in render
    return SafeString("".join([node.render_annotated(context) for node in self]))
                               ^^^^^^^^^^^^^^^^^^^^^^^^^^^^^^
  File "/home/vboxuser/homework/diplom/diplom_project/lib/python3.12/site-packages/django/template/base.py", line 977, in render_annotated
    return self.render(context)
           ^^^^^^^^^^^^^^^^^^^^
  File "/home/vboxuser/homework/diplom/diplom_project/lib/python3.12/site-packages/django/template/loader_tags.py", line 159, in render
    return compiled_parent._render(context)
           ^^^^^^^^^^^^^^^^^^^^^^^^^^^^^^^^
  File "/home/vboxuser/homework/diplom/diplom_project/lib/python3.12/site-packages/django/template/base.py", line 163, in _render
    return self.nodelist.render(context)
           ^^^^^^^^^^^^^^^^^^^^^^^^^^^^^
  File "/home/vboxuser/homework/diplom/diplom_project/lib/python3.12/site-packages/django/template/base.py", line 1016, in render
    return SafeString("".join([node.render_annotated(context) for node in self]))
                               ^^^^^^^^^^^^^^^^^^^^^^^^^^^^^^
  File "/home/vboxuser/homework/diplom/diplom_project/lib/python3.12/site-packages/django/template/base.py", line 977, in render_annotated
    return self.render(context)
           ^^^^^^^^^^^^^^^^^^^^
  File "/home/vboxuser/homework/diplom/diplom_project/lib/python3.12/site-packages/django/template/loader_tags.py", line 65, in render
    result = block.nodelist.render(context)
             ^^^^^^^^^^^^^^^^^^^^^^^^^^^^^^
  File "/home/vboxuser/homework/diplom/diplom_project/lib/python3.12/site-packages/django/template/base.py", line 1016, in render
    return SafeString("".join([node.render_annotated(context) for node in self]))
                               ^^^^^^^^^^^^^^^^^^^^^^^^^^^^^^
  File "/home/vboxuser/homework/diplom/diplom_project/lib/python3.12/site-packages/django/template/base.py", line 977, in render_annotated
    return self.render(context)
           ^^^^^^^^^^^^^^^^^^^^
  File "/home/vboxuser/homework/diplom/diplom_project/lib/python3.12/site-packages/django/template/library.py", line 321, in render
    output = self.func(*resolved_args, **resolved_kwargs)
             ^^^^^^^^^^^^^^^^^^^^^^^^^^^^^^^^^^^^^^^^^^^^
  File "/home/vboxuser/homework/diplom/diplom_project/lib/python3.12/site-packages/baton/templatetags/baton_tags.py", line 69, in baton_config
    "app_list": reverse('baton-app-list-json'),
                ^^^^^^^^^^^^^^^^^^^^^^^^^^^^^^
  File "/home/vboxuser/homework/diplom/diplom_project/lib/python3.12/site-packages/django/urls/base.py", line 98, in reverse
    resolved_url = resolver._reverse_with_prefix(view, prefix, *args, **kwargs)
                   ^^^^^^^^^^^^^^^^^^^^^^^^^^^^^^^^^^^^^^^^^^^^^^^^^^^^^^^^^^^^
  File "/home/vboxuser/homework/diplom/diplom_project/lib/python3.12/site-packages/django/urls/resolvers.py", line 831, in _reverse_with_prefix
    raise NoReverseMatch(msg)
django.urls.exceptions.NoReverseMatch: Reverse for 'baton-app-list-json' not found. 'baton-app-list-json' is not a valid view function or pattern name.
ERROR 2025-11-06 18:50:26,668 basehttp "GET /admin/login/?next=/admin HTTP/1.1" 500 217618
ERROR 2025-11-07 17:18:56,392 views_debug Error message - ошибка
ERROR 2025-11-07 17:18:56,394 error_monitoring Error captured: ValueError: Это тестовая ошибка для проверки мониторинга!
ERROR 2025-11-07 17:18:56,395 log Internal Server Error: /api/debug/error-test
ERROR 2025-11-07 17:18:56,395 basehttp "GET /api/debug/error-test?error=1 HTTP/1.1" 500 172
ERROR 2025-11-07 17:30:48,812 views_debug Error message - ошибка
ERROR 2025-11-07 17:30:48,813 error_monitoring Error captured: ValueError: Это тестовая ошибка для проверки мониторинга!
ERROR 2025-11-07 17:30:48,815 log Internal Server Error: /api/debug/error-test
ERROR 2025-11-07 17:30:51,407 log Internal Server Error: /api/products
Traceback (most recent call last):
  File "/home/vboxuser/homework/diplom/diplom_project/lib/python3.12/site-packages/django/db/backends/utils.py", line 105, in _execute
    return self.cursor.execute(sql, params)
           ^^^^^^^^^^^^^^^^^^^^^^^^^^^^^^^^
  File "/home/vboxuser/homework/diplom/diplom_project/lib/python3.12/site-packages/django/db/backends/sqlite3/base.py", line 360, in execute
    return super().execute(query, params)
           ^^^^^^^^^^^^^^^^^^^^^^^^^^^^^^
sqlite3.OperationalError: no such column: backend_product.image

The above exception was the direct cause of the following exception:

Traceback (most recent call last):
  File "/home/vboxuser/homework/diplom/diplom_project/lib/python3.12/site-packages/django/core/handlers/exception.py", line 55, in inner
    response = get_response(request)
               ^^^^^^^^^^^^^^^^^^^^^
  File "/home/vboxuser/homework/diplom/diplom_project/lib/python3.12/site-packages/django/core/handlers/base.py", line 197, in _get_response
    response = wrapped_callback(request, *callback_args, **callback_kwargs)
               ^^^^^^^^^^^^^^^^^^^^^^^^^^^^^^^^^^^^^^^^^^^^^^^^^^^^^^^^^^^^
  File "/home/vboxuser/homework/diplom/diplom_project/lib/python3.12/site-packages/django/views/decorators/csrf.py", line 65, in _view_wrapper
    return view_func(request, *args, **kwargs)
           ^^^^^^^^^^^^^^^^^^^^^^^^^^^^^^^^^^^
  File "/home/vboxuser/homework/diplom/diplom_project/lib/python3.12/site-packages/django/views/generic/base.py", line 105, in view
    return self.dispatch(request, *args, **kwargs)
           ^^^^^^^^^^^^^^^^^^^^^^^^^^^^^^^^^^^^^^^
  File "/home/vboxuser/homework/diplom/diplom_project/lib/python3.12/site-packages/rest_framework/views.py", line 509, in dispatch
    response = self.handle_exception(exc)
               ^^^^^^^^^^^^^^^^^^^^^^^^^^
  File "/home/vboxuser/homework/diplom/diplom_project/lib/python3.12/site-packages/rest_framework/views.py", line 469, in handle_exception
    self.raise_uncaught_exception(exc)
  File "/home/vboxuser/homework/diplom/diplom_project/lib/python3.12/site-packages/rest_framework/views.py", line 480, in raise_uncaught_exception
    raise exc
  File "/home/vboxuser/homework/diplom/diplom_project/lib/python3.12/site-packages/rest_framework/views.py", line 506, in dispatch
    response = handler(request, *args, **kwargs)
               ^^^^^^^^^^^^^^^^^^^^^^^^^^^^^^^^^
  File "/home/vboxuser/homework/diplom/diplom_retail_network/backend/views.py", line 58, in get
    return Response(serializer.data)
                    ^^^^^^^^^^^^^^^
  File "/home/vboxuser/homework/diplom/diplom_project/lib/python3.12/site-packages/rest_framework/serializers.py", line 768, in data
    ret = super().data
          ^^^^^^^^^^^^
  File "/home/vboxuser/homework/diplom/diplom_project/lib/python3.12/site-packages/rest_framework/serializers.py", line 253, in data
    self._data = self.to_representation(self.instance)
                 ^^^^^^^^^^^^^^^^^^^^^^^^^^^^^^^^^^^^^
  File "/home/vboxuser/homework/diplom/diplom_project/lib/python3.12/site-packages/rest_framework/serializers.py", line 686, in to_representation
    return [
           ^
  File "/home/vboxuser/homework/diplom/diplom_project/lib/python3.12/site-packages/django/db/models/query.py", line 384, in __iter__
    self._fetch_all()
  File "/home/vboxuser/homework/diplom/diplom_project/lib/python3.12/site-packages/django/db/models/query.py", line 1949, in _fetch_all
    self._result_cache = list(self._iterable_class(self))
                         ^^^^^^^^^^^^^^^^^^^^^^^^^^^^^^^^
  File "/home/vboxuser/homework/diplom/diplom_project/lib/python3.12/site-packages/django/db/models/query.py", line 91, in __iter__
    results = compiler.execute_sql(
              ^^^^^^^^^^^^^^^^^^^^^
  File "/home/vboxuser/homework/diplom/diplom_project/lib/python3.12/site-packages/django/db/models/sql/compiler.py", line 1623, in execute_sql
    cursor.execute(sql, params)
  File "/home/vboxuser/homework/diplom/diplom_project/lib/python3.12/site-packages/django/db/backends/utils.py", line 79, in execute
    return self._execute_with_wrappers(
           ^^^^^^^^^^^^^^^^^^^^^^^^^^^^
  File "/home/vboxuser/homework/diplom/diplom_project/lib/python3.12/site-packages/django/db/backends/utils.py", line 92, in _execute_with_wrappers
    return executor(sql, params, many, context)
           ^^^^^^^^^^^^^^^^^^^^^^^^^^^^^^^^^^^^
  File "/home/vboxuser/homework/diplom/diplom_project/lib/python3.12/site-packages/django/db/backends/utils.py", line 100, in _execute
    with self.db.wrap_database_errors:
  File "/home/vboxuser/homework/diplom/diplom_project/lib/python3.12/site-packages/django/db/utils.py", line 91, in __exit__
    raise dj_exc_value.with_traceback(traceback) from exc_value
  File "/home/vboxuser/homework/diplom/diplom_project/lib/python3.12/site-packages/django/db/backends/utils.py", line 105, in _execute
    return self.cursor.execute(sql, params)
           ^^^^^^^^^^^^^^^^^^^^^^^^^^^^^^^^
  File "/home/vboxuser/homework/diplom/diplom_project/lib/python3.12/site-packages/django/db/backends/sqlite3/base.py", line 360, in execute
    return super().execute(query, params)
           ^^^^^^^^^^^^^^^^^^^^^^^^^^^^^^
django.db.utils.OperationalError: no such column: backend_product.image
ERROR 2025-11-07 17:30:52,076 log Internal Server Error: /api/user/register
Traceback (most recent call last):
  File "/home/vboxuser/homework/diplom/diplom_project/lib/python3.12/site-packages/django/db/backends/utils.py", line 105, in _execute
    return self.cursor.execute(sql, params)
           ^^^^^^^^^^^^^^^^^^^^^^^^^^^^^^^^
  File "/home/vboxuser/homework/diplom/diplom_project/lib/python3.12/site-packages/django/db/backends/sqlite3/base.py", line 360, in execute
    return super().execute(query, params)
           ^^^^^^^^^^^^^^^^^^^^^^^^^^^^^^
sqlite3.OperationalError: table backend_user has no column named avatar

The above exception was the direct cause of the following exception:

Traceback (most recent call last):
  File "/home/vboxuser/homework/diplom/diplom_project/lib/python3.12/site-packages/django/core/handlers/exception.py", line 55, in inner
    response = get_response(request)
               ^^^^^^^^^^^^^^^^^^^^^
  File "/home/vboxuser/homework/diplom/diplom_project/lib/python3.12/site-packages/django/core/handlers/base.py", line 197, in _get_response
    response = wrapped_callback(request, *callback_args, **callback_kwargs)
               ^^^^^^^^^^^^^^^^^^^^^^^^^^^^^^^^^^^^^^^^^^^^^^^^^^^^^^^^^^^^
  File "/home/vboxuser/homework/diplom/diplom_project/lib/python3.12/site-packages/django/views/decorators/csrf.py", line 65, in _view_wrapper
    return view_func(request, *args, **kwargs)
           ^^^^^^^^^^^^^^^^^^^^^^^^^^^^^^^^^^^
  File "/home/vboxuser/homework/diplom/diplom_project/lib/python3.12/site-packages/django/views/generic/base.py", line 105, in view
    return self.dispatch(request, *args, **kwargs)
           ^^^^^^^^^^^^^^^^^^^^^^^^^^^^^^^^^^^^^^^
  File "/home/vboxuser/homework/diplom/diplom_project/lib/python3.12/site-packages/rest_framework/views.py", line 509, in dispatch
    response = self.handle_exception(exc)
               ^^^^^^^^^^^^^^^^^^^^^^^^^^
  File "/home/vboxuser/homework/diplom/diplom_project/lib/python3.12/site-packages/rest_framework/views.py", line 469, in handle_exception
    self.raise_uncaught_exception(exc)
  File "/home/vboxuser/homework/diplom/diplom_project/lib/python3.12/site-packages/rest_framework/views.py", line 480, in raise_uncaught_exception
    raise exc
  File "/home/vboxuser/homework/diplom/diplom_project/lib/python3.12/site-packages/rest_framework/views.py", line 506, in dispatch
    response = handler(request, *args, **kwargs)
               ^^^^^^^^^^^^^^^^^^^^^^^^^^^^^^^^^
  File "/home/vboxuser/homework/diplom/diplom_retail_network/backend/views.py", line 78, in post
    user = user_serializer.save()
           ^^^^^^^^^^^^^^^^^^^^^^
  File "/home/vboxuser/homework/diplom/diplom_project/lib/python3.12/site-packages/rest_framework/serializers.py", line 212, in save
    self.instance = self.create(validated_data)
                    ^^^^^^^^^^^^^^^^^^^^^^^^^^^
  File "/home/vboxuser/homework/diplom/diplom_project/lib/python3.12/site-packages/rest_framework/serializers.py", line 962, in create
    instance = ModelClass._default_manager.create(**validated_data)
               ^^^^^^^^^^^^^^^^^^^^^^^^^^^^^^^^^^^^^^^^^^^^^^^^^^^^
  File "/home/vboxuser/homework/diplom/diplom_project/lib/python3.12/site-packages/django/db/models/manager.py", line 87, in manager_method
    return getattr(self.get_queryset(), name)(*args, **kwargs)
           ^^^^^^^^^^^^^^^^^^^^^^^^^^^^^^^^^^^^^^^^^^^^^^^^^^^
  File "/home/vboxuser/homework/diplom/diplom_project/lib/python3.12/site-packages/django/db/models/query.py", line 663, in create
    obj.save(force_insert=True, using=self.db)
  File "/home/vboxuser/homework/diplom/diplom_project/lib/python3.12/site-packages/django/contrib/auth/base_user.py", line 65, in save
    super().save(*args, **kwargs)
  File "/home/vboxuser/homework/diplom/diplom_project/lib/python3.12/site-packages/django/db/models/base.py", line 902, in save
    self.save_base(
  File "/home/vboxuser/homework/diplom/diplom_project/lib/python3.12/site-packages/django/db/models/base.py", line 1008, in save_base
    updated = self._save_table(
              ^^^^^^^^^^^^^^^^^
  File "/home/vboxuser/homework/diplom/diplom_project/lib/python3.12/site-packages/django/db/models/base.py", line 1169, in _save_table
    results = self._do_insert(
              ^^^^^^^^^^^^^^^^
  File "/home/vboxuser/homework/diplom/diplom_project/lib/python3.12/site-packages/django/db/models/base.py", line 1210, in _do_insert
    return manager._insert(
           ^^^^^^^^^^^^^^^^
  File "/home/vboxuser/homework/diplom/diplom_project/lib/python3.12/site-packages/django/db/models/manager.py", line 87, in manager_method
    return getattr(self.get_queryset(), name)(*args, **kwargs)
           ^^^^^^^^^^^^^^^^^^^^^^^^^^^^^^^^^^^^^^^^^^^^^^^^^^^
  File "/home/vboxuser/homework/diplom/diplom_project/lib/python3.12/site-packages/django/db/models/query.py", line 1868, in _insert
    return query.get_compiler(using=using).execute_sql(returning_fields)
           ^^^^^^^^^^^^^^^^^^^^^^^^^^^^^^^^^^^^^^^^^^^^^^^^^^^^^^^^^^^^^
  File "/home/vboxuser/homework/diplom/diplom_project/lib/python3.12/site-packages/django/db/models/sql/compiler.py", line 1882, in execute_sql
    cursor.execute(sql, params)
  File "/home/vboxuser/homework/diplom/diplom_project/lib/python3.12/site-packages/django/db/backends/utils.py", line 79, in execute
    return self._execute_with_wrappers(
           ^^^^^^^^^^^^^^^^^^^^^^^^^^^^
  File "/home/vboxuser/homework/diplom/diplom_project/lib/python3.12/site-packages/django/db/backends/utils.py", line 92, in _execute_with_wrappers
    return executor(sql, params, many, context)
           ^^^^^^^^^^^^^^^^^^^^^^^^^^^^^^^^^^^^
  File "/home/vboxuser/homework/diplom/diplom_project/lib/python3.12/site-packages/django/db/backends/utils.py", line 100, in _execute
    with self.db.wrap_database_errors:
  File "/home/vboxuser/homework/diplom/diplom_project/lib/python3.12/site-packages/django/db/utils.py", line 91, in __exit__
    raise dj_exc_value.with_traceback(traceback) from exc_value
  File "/home/vboxuser/homework/diplom/diplom_project/lib/python3.12/site-packages/django/db/backends/utils.py", line 105, in _execute
    return self.cursor.execute(sql, params)
           ^^^^^^^^^^^^^^^^^^^^^^^^^^^^^^^^
  File "/home/vboxuser/homework/diplom/diplom_project/lib/python3.12/site-packages/django/db/backends/sqlite3/base.py", line 360, in execute
    return super().execute(query, params)
           ^^^^^^^^^^^^^^^^^^^^^^^^^^^^^^
django.db.utils.OperationalError: table backend_user has no column named avatar
ERROR 2025-11-07 17:31:12,903 views_debug Error message - ошибка
ERROR 2025-11-07 17:31:12,904 error_monitoring Error captured: ValueError: Это тестовая ошибка для проверки мониторинга!
ERROR 2025-11-07 17:31:12,907 log Internal Server Error: /api/debug/error-test
ERROR 2025-11-07 17:31:15,345 log Internal Server Error: /api/products
Traceback (most recent call last):
  File "/home/vboxuser/homework/diplom/diplom_project/lib/python3.12/site-packages/django/db/backends/utils.py", line 105, in _execute
    return self.cursor.execute(sql, params)
           ^^^^^^^^^^^^^^^^^^^^^^^^^^^^^^^^
  File "/home/vboxuser/homework/diplom/diplom_project/lib/python3.12/site-packages/django/db/backends/sqlite3/base.py", line 360, in execute
    return super().execute(query, params)
           ^^^^^^^^^^^^^^^^^^^^^^^^^^^^^^
sqlite3.OperationalError: no such column: backend_product.image

The above exception was the direct cause of the following exception:

Traceback (most recent call last):
  File "/home/vboxuser/homework/diplom/diplom_project/lib/python3.12/site-packages/django/core/handlers/exception.py", line 55, in inner
    response = get_response(request)
               ^^^^^^^^^^^^^^^^^^^^^
  File "/home/vboxuser/homework/diplom/diplom_project/lib/python3.12/site-packages/django/core/handlers/base.py", line 197, in _get_response
    response = wrapped_callback(request, *callback_args, **callback_kwargs)
               ^^^^^^^^^^^^^^^^^^^^^^^^^^^^^^^^^^^^^^^^^^^^^^^^^^^^^^^^^^^^
  File "/home/vboxuser/homework/diplom/diplom_project/lib/python3.12/site-packages/django/views/decorators/csrf.py", line 65, in _view_wrapper
    return view_func(request, *args, **kwargs)
           ^^^^^^^^^^^^^^^^^^^^^^^^^^^^^^^^^^^
  File "/home/vboxuser/homework/diplom/diplom_project/lib/python3.12/site-packages/django/views/generic/base.py", line 105, in view
    return self.dispatch(request, *args, **kwargs)
           ^^^^^^^^^^^^^^^^^^^^^^^^^^^^^^^^^^^^^^^
  File "/home/vboxuser/homework/diplom/diplom_project/lib/python3.12/site-packages/rest_framework/views.py", line 509, in dispatch
    response = self.handle_exception(exc)
               ^^^^^^^^^^^^^^^^^^^^^^^^^^
  File "/home/vboxuser/homework/diplom/diplom_project/lib/python3.12/site-packages/rest_framework/views.py", line 469, in handle_exception
    self.raise_uncaught_exception(exc)
  File "/home/vboxuser/homework/diplom/diplom_project/lib/python3.12/site-packages/rest_framework/views.py", line 480, in raise_uncaught_exception
    raise exc
  File "/home/vboxuser/homework/diplom/diplom_project/lib/python3.12/site-packages/rest_framework/views.py", line 506, in dispatch
    response = handler(request, *args, **kwargs)
               ^^^^^^^^^^^^^^^^^^^^^^^^^^^^^^^^^
  File "/home/vboxuser/homework/diplom/diplom_retail_network/backend/views.py", line 58, in get
    return Response(serializer.data)
                    ^^^^^^^^^^^^^^^
  File "/home/vboxuser/homework/diplom/diplom_project/lib/python3.12/site-packages/rest_framework/serializers.py", line 768, in data
    ret = super().data
          ^^^^^^^^^^^^
  File "/home/vboxuser/homework/diplom/diplom_project/lib/python3.12/site-packages/rest_framework/serializers.py", line 253, in data
    self._data = self.to_representation(self.instance)
                 ^^^^^^^^^^^^^^^^^^^^^^^^^^^^^^^^^^^^^
  File "/home/vboxuser/homework/diplom/diplom_project/lib/python3.12/site-packages/rest_framework/serializers.py", line 686, in to_representation
    return [
           ^
  File "/home/vboxuser/homework/diplom/diplom_project/lib/python3.12/site-packages/django/db/models/query.py", line 384, in __iter__
    self._fetch_all()
  File "/home/vboxuser/homework/diplom/diplom_project/lib/python3.12/site-packages/django/db/models/query.py", line 1949, in _fetch_all
    self._result_cache = list(self._iterable_class(self))
                         ^^^^^^^^^^^^^^^^^^^^^^^^^^^^^^^^
  File "/home/vboxuser/homework/diplom/diplom_project/lib/python3.12/site-packages/django/db/models/query.py", line 91, in __iter__
    results = compiler.execute_sql(
              ^^^^^^^^^^^^^^^^^^^^^
  File "/home/vboxuser/homework/diplom/diplom_project/lib/python3.12/site-packages/django/db/models/sql/compiler.py", line 1623, in execute_sql
    cursor.execute(sql, params)
  File "/home/vboxuser/homework/diplom/diplom_project/lib/python3.12/site-packages/django/db/backends/utils.py", line 79, in execute
    return self._execute_with_wrappers(
           ^^^^^^^^^^^^^^^^^^^^^^^^^^^^
  File "/home/vboxuser/homework/diplom/diplom_project/lib/python3.12/site-packages/django/db/backends/utils.py", line 92, in _execute_with_wrappers
    return executor(sql, params, many, context)
           ^^^^^^^^^^^^^^^^^^^^^^^^^^^^^^^^^^^^
  File "/home/vboxuser/homework/diplom/diplom_project/lib/python3.12/site-packages/django/db/backends/utils.py", line 100, in _execute
    with self.db.wrap_database_errors:
  File "/home/vboxuser/homework/diplom/diplom_project/lib/python3.12/site-packages/django/db/utils.py", line 91, in __exit__
    raise dj_exc_value.with_traceback(traceback) from exc_value
  File "/home/vboxuser/homework/diplom/diplom_project/lib/python3.12/site-packages/django/db/backends/utils.py", line 105, in _execute
    return self.cursor.execute(sql, params)
           ^^^^^^^^^^^^^^^^^^^^^^^^^^^^^^^^
  File "/home/vboxuser/homework/diplom/diplom_project/lib/python3.12/site-packages/django/db/backends/sqlite3/base.py", line 360, in execute
    return super().execute(query, params)
           ^^^^^^^^^^^^^^^^^^^^^^^^^^^^^^
django.db.utils.OperationalError: no such column: backend_product.image
ERROR 2025-11-07 17:31:15,983 log Internal Server Error: /api/user/register
Traceback (most recent call last):
  File "/home/vboxuser/homework/diplom/diplom_project/lib/python3.12/site-packages/django/db/backends/utils.py", line 105, in _execute
    return self.cursor.execute(sql, params)
           ^^^^^^^^^^^^^^^^^^^^^^^^^^^^^^^^
  File "/home/vboxuser/homework/diplom/diplom_project/lib/python3.12/site-packages/django/db/backends/sqlite3/base.py", line 360, in execute
    return super().execute(query, params)
           ^^^^^^^^^^^^^^^^^^^^^^^^^^^^^^
sqlite3.OperationalError: table backend_user has no column named avatar

The above exception was the direct cause of the following exception:

Traceback (most recent call last):
  File "/home/vboxuser/homework/diplom/diplom_project/lib/python3.12/site-packages/django/core/handlers/exception.py", line 55, in inner
    response = get_response(request)
               ^^^^^^^^^^^^^^^^^^^^^
  File "/home/vboxuser/homework/diplom/diplom_project/lib/python3.12/site-packages/django/core/handlers/base.py", line 197, in _get_response
    response = wrapped_callback(request, *callback_args, **callback_kwargs)
               ^^^^^^^^^^^^^^^^^^^^^^^^^^^^^^^^^^^^^^^^^^^^^^^^^^^^^^^^^^^^
  File "/home/vboxuser/homework/diplom/diplom_project/lib/python3.12/site-packages/django/views/decorators/csrf.py", line 65, in _view_wrapper
    return view_func(request, *args, **kwargs)
           ^^^^^^^^^^^^^^^^^^^^^^^^^^^^^^^^^^^
  File "/home/vboxuser/homework/diplom/diplom_project/lib/python3.12/site-packages/django/views/generic/base.py", line 105, in view
    return self.dispatch(request, *args, **kwargs)
           ^^^^^^^^^^^^^^^^^^^^^^^^^^^^^^^^^^^^^^^
  File "/home/vboxuser/homework/diplom/diplom_project/lib/python3.12/site-packages/rest_framework/views.py", line 509, in dispatch
    response = self.handle_exception(exc)
               ^^^^^^^^^^^^^^^^^^^^^^^^^^
  File "/home/vboxuser/homework/diplom/diplom_project/lib/python3.12/site-packages/rest_framework/views.py", line 469, in handle_exception
    self.raise_uncaught_exception(exc)
  File "/home/vboxuser/homework/diplom/diplom_project/lib/python3.12/site-packages/rest_framework/views.py", line 480, in raise_uncaught_exception
    raise exc
  File "/home/vboxuser/homework/diplom/diplom_project/lib/python3.12/site-packages/rest_framework/views.py", line 506, in dispatch
    response = handler(request, *args, **kwargs)
               ^^^^^^^^^^^^^^^^^^^^^^^^^^^^^^^^^
  File "/home/vboxuser/homework/diplom/diplom_retail_network/backend/views.py", line 78, in post
    user = user_serializer.save()
           ^^^^^^^^^^^^^^^^^^^^^^
  File "/home/vboxuser/homework/diplom/diplom_project/lib/python3.12/site-packages/rest_framework/serializers.py", line 212, in save
    self.instance = self.create(validated_data)
                    ^^^^^^^^^^^^^^^^^^^^^^^^^^^
  File "/home/vboxuser/homework/diplom/diplom_project/lib/python3.12/site-packages/rest_framework/serializers.py", line 962, in create
    instance = ModelClass._default_manager.create(**validated_data)
               ^^^^^^^^^^^^^^^^^^^^^^^^^^^^^^^^^^^^^^^^^^^^^^^^^^^^
  File "/home/vboxuser/homework/diplom/diplom_project/lib/python3.12/site-packages/django/db/models/manager.py", line 87, in manager_method
    return getattr(self.get_queryset(), name)(*args, **kwargs)
           ^^^^^^^^^^^^^^^^^^^^^^^^^^^^^^^^^^^^^^^^^^^^^^^^^^^
  File "/home/vboxuser/homework/diplom/diplom_project/lib/python3.12/site-packages/django/db/models/query.py", line 663, in create
    obj.save(force_insert=True, using=self.db)
  File "/home/vboxuser/homework/diplom/diplom_project/lib/python3.12/site-packages/django/contrib/auth/base_user.py", line 65, in save
    super().save(*args, **kwargs)
  File "/home/vboxuser/homework/diplom/diplom_project/lib/python3.12/site-packages/django/db/models/base.py", line 902, in save
    self.save_base(
  File "/home/vboxuser/homework/diplom/diplom_project/lib/python3.12/site-packages/django/db/models/base.py", line 1008, in save_base
    updated = self._save_table(
              ^^^^^^^^^^^^^^^^^
  File "/home/vboxuser/homework/diplom/diplom_project/lib/python3.12/site-packages/django/db/models/base.py", line 1169, in _save_table
    results = self._do_insert(
              ^^^^^^^^^^^^^^^^
  File "/home/vboxuser/homework/diplom/diplom_project/lib/python3.12/site-packages/django/db/models/base.py", line 1210, in _do_insert
    return manager._insert(
           ^^^^^^^^^^^^^^^^
  File "/home/vboxuser/homework/diplom/diplom_project/lib/python3.12/site-packages/django/db/models/manager.py", line 87, in manager_method
    return getattr(self.get_queryset(), name)(*args, **kwargs)
           ^^^^^^^^^^^^^^^^^^^^^^^^^^^^^^^^^^^^^^^^^^^^^^^^^^^
  File "/home/vboxuser/homework/diplom/diplom_project/lib/python3.12/site-packages/django/db/models/query.py", line 1868, in _insert
    return query.get_compiler(using=using).execute_sql(returning_fields)
           ^^^^^^^^^^^^^^^^^^^^^^^^^^^^^^^^^^^^^^^^^^^^^^^^^^^^^^^^^^^^^
  File "/home/vboxuser/homework/diplom/diplom_project/lib/python3.12/site-packages/django/db/models/sql/compiler.py", line 1882, in execute_sql
    cursor.execute(sql, params)
  File "/home/vboxuser/homework/diplom/diplom_project/lib/python3.12/site-packages/django/db/backends/utils.py", line 79, in execute
    return self._execute_with_wrappers(
           ^^^^^^^^^^^^^^^^^^^^^^^^^^^^
  File "/home/vboxuser/homework/diplom/diplom_project/lib/python3.12/site-packages/django/db/backends/utils.py", line 92, in _execute_with_wrappers
    return executor(sql, params, many, context)
           ^^^^^^^^^^^^^^^^^^^^^^^^^^^^^^^^^^^^
  File "/home/vboxuser/homework/diplom/diplom_project/lib/python3.12/site-packages/django/db/backends/utils.py", line 100, in _execute
    with self.db.wrap_database_errors:
  File "/home/vboxuser/homework/diplom/diplom_project/lib/python3.12/site-packages/django/db/utils.py", line 91, in __exit__
    raise dj_exc_value.with_traceback(traceback) from exc_value
  File "/home/vboxuser/homework/diplom/diplom_project/lib/python3.12/site-packages/django/db/backends/utils.py", line 105, in _execute
    return self.cursor.execute(sql, params)
           ^^^^^^^^^^^^^^^^^^^^^^^^^^^^^^^^
  File "/home/vboxuser/homework/diplom/diplom_project/lib/python3.12/site-packages/django/db/backends/sqlite3/base.py", line 360, in execute
    return super().execute(query, params)
           ^^^^^^^^^^^^^^^^^^^^^^^^^^^^^^
django.db.utils.OperationalError: table backend_user has no column named avatar
ERROR 2025-11-07 18:22:20,863 views_debug Error message - ошибка
ERROR 2025-11-07 18:22:20,865 error_monitoring Error captured: ValueError: Это тестовая ошибка для проверки мониторинга!
ERROR 2025-11-07 18:22:20,869 log Internal Server Error: /api/debug/error-test
ERROR 2025-11-07 18:22:36,575 views_debug Error message - ошибка
ERROR 2025-11-07 18:22:36,577 error_monitoring Error captured: ValueError: Это тестовая ошибка для проверки мониторинга!
ERROR 2025-11-07 18:22:36,579 log Internal Server Error: /api/debug/error-test
ERROR 2025-11-07 18:28:30,464 views_debug Error message - ошибка
ERROR 2025-11-07 18:28:30,466 error_monitoring Error captured: ValueError: Это тестовая ошибка для проверки мониторинга!
ERROR 2025-11-07 18:28:30,468 log Internal Server Error: /api/debug/error-test
ERROR 2025-11-07 18:28:44,731 views_debug Error message - ошибка
ERROR 2025-11-07 18:28:44,732 error_monitoring Error captured: ValueError: Это тестовая ошибка для проверки мониторинга!
ERROR 2025-11-07 18:28:44,735 log Internal Server Error: /api/debug/error-test
ERROR 2025-11-07 18:52:52,018 log Internal Server Error: /api/basket
Traceback (most recent call last):
  File "/home/vboxuser/homework/diplom/diplom_project/lib/python3.12/site-packages/django/core/handlers/exception.py", line 55, in inner
    response = get_response(request)
               ^^^^^^^^^^^^^^^^^^^^^
  File "/home/vboxuser/homework/diplom/diplom_project/lib/python3.12/site-packages/django/core/handlers/base.py", line 197, in _get_response
    response = wrapped_callback(request, *callback_args, **callback_kwargs)
               ^^^^^^^^^^^^^^^^^^^^^^^^^^^^^^^^^^^^^^^^^^^^^^^^^^^^^^^^^^^^
  File "/home/vboxuser/homework/diplom/diplom_project/lib/python3.12/site-packages/django/views/decorators/csrf.py", line 65, in _view_wrapper
    return view_func(request, *args, **kwargs)
           ^^^^^^^^^^^^^^^^^^^^^^^^^^^^^^^^^^^
  File "/home/vboxuser/homework/diplom/diplom_project/lib/python3.12/site-packages/django/views/generic/base.py", line 105, in view
    return self.dispatch(request, *args, **kwargs)
           ^^^^^^^^^^^^^^^^^^^^^^^^^^^^^^^^^^^^^^^
  File "/home/vboxuser/homework/diplom/diplom_project/lib/python3.12/site-packages/rest_framework/views.py", line 509, in dispatch
    response = self.handle_exception(exc)
               ^^^^^^^^^^^^^^^^^^^^^^^^^^
  File "/home/vboxuser/homework/diplom/diplom_project/lib/python3.12/site-packages/rest_framework/views.py", line 469, in handle_exception
    self.raise_uncaught_exception(exc)
  File "/home/vboxuser/homework/diplom/diplom_project/lib/python3.12/site-packages/rest_framework/views.py", line 480, in raise_uncaught_exception
    raise exc
  File "/home/vboxuser/homework/diplom/diplom_project/lib/python3.12/site-packages/rest_framework/views.py", line 506, in dispatch
    response = handler(request, *args, **kwargs)
               ^^^^^^^^^^^^^^^^^^^^^^^^^^^^^^^^^
  File "/home/vboxuser/homework/diplom/diplom_retail_network/backend/views.py", line 150, in get
    return Response(serializer.data)
                    ^^^^^^^^^^^^^^^
  File "/home/vboxuser/homework/diplom/diplom_project/lib/python3.12/site-packages/rest_framework/serializers.py", line 768, in data
    ret = super().data
          ^^^^^^^^^^^^
  File "/home/vboxuser/homework/diplom/diplom_project/lib/python3.12/site-packages/rest_framework/serializers.py", line 253, in data
    self._data = self.to_representation(self.instance)
                 ^^^^^^^^^^^^^^^^^^^^^^^^^^^^^^^^^^^^^
  File "/home/vboxuser/homework/diplom/diplom_project/lib/python3.12/site-packages/rest_framework/serializers.py", line 686, in to_representation
    return [
           ^
  File "/home/vboxuser/homework/diplom/diplom_project/lib/python3.12/site-packages/django/db/models/query.py", line 386, in __iter__
    self._fetch_all()
  File "/home/vboxuser/homework/diplom/diplom_project/lib/python3.12/site-packages/django/db/models/query.py", line 1954, in _fetch_all
    self._result_cache = list(self._iterable_class(self))
                         ^^^^^^^^^^^^^^^^^^^^^^^^^^^^^^^^
  File "/home/vboxuser/homework/diplom/diplom_project/lib/python3.12/site-packages/django/db/models/query.py", line 133, in __iter__
    setattr(obj, attr_name, row[col_pos])
AttributeError: property 'total_sum' of 'Order' object has no setter
ERROR 2025-11-07 18:52:52,020 basehttp "GET /api/basket HTTP/1.1" 500 126362
ERROR 2025-11-07 18:52:52,054 log Internal Server Error: /api/order
Traceback (most recent call last):
  File "/home/vboxuser/homework/diplom/diplom_project/lib/python3.12/site-packages/django/core/handlers/exception.py", line 55, in inner
    response = get_response(request)
               ^^^^^^^^^^^^^^^^^^^^^
  File "/home/vboxuser/homework/diplom/diplom_project/lib/python3.12/site-packages/django/core/handlers/base.py", line 197, in _get_response
    response = wrapped_callback(request, *callback_args, **callback_kwargs)
               ^^^^^^^^^^^^^^^^^^^^^^^^^^^^^^^^^^^^^^^^^^^^^^^^^^^^^^^^^^^^
  File "/home/vboxuser/homework/diplom/diplom_project/lib/python3.12/site-packages/django/views/decorators/csrf.py", line 65, in _view_wrapper
    return view_func(request, *args, **kwargs)
           ^^^^^^^^^^^^^^^^^^^^^^^^^^^^^^^^^^^
  File "/home/vboxuser/homework/diplom/diplom_project/lib/python3.12/site-packages/django/views/generic/base.py", line 105, in view
    return self.dispatch(request, *args, **kwargs)
           ^^^^^^^^^^^^^^^^^^^^^^^^^^^^^^^^^^^^^^^
  File "/home/vboxuser/homework/diplom/diplom_project/lib/python3.12/site-packages/rest_framework/views.py", line 509, in dispatch
    response = self.handle_exception(exc)
               ^^^^^^^^^^^^^^^^^^^^^^^^^^
  File "/home/vboxuser/homework/diplom/diplom_project/lib/python3.12/site-packages/rest_framework/views.py", line 469, in handle_exception
    self.raise_uncaught_exception(exc)
  File "/home/vboxuser/homework/diplom/diplom_project/lib/python3.12/site-packages/rest_framework/views.py", line 480, in raise_uncaught_exception
    raise exc
  File "/home/vboxuser/homework/diplom/diplom_project/lib/python3.12/site-packages/rest_framework/views.py", line 506, in dispatch
    response = handler(request, *args, **kwargs)
               ^^^^^^^^^^^^^^^^^^^^^^^^^^^^^^^^^
  File "/home/vboxuser/homework/diplom/diplom_retail_network/backend/views.py", line 315, in get
    return Response(serializer.data)
                    ^^^^^^^^^^^^^^^
  File "/home/vboxuser/homework/diplom/diplom_project/lib/python3.12/site-packages/rest_framework/serializers.py", line 768, in data
    ret = super().data
          ^^^^^^^^^^^^
  File "/home/vboxuser/homework/diplom/diplom_project/lib/python3.12/site-packages/rest_framework/serializers.py", line 253, in data
    self._data = self.to_representation(self.instance)
                 ^^^^^^^^^^^^^^^^^^^^^^^^^^^^^^^^^^^^^
  File "/home/vboxuser/homework/diplom/diplom_project/lib/python3.12/site-packages/rest_framework/serializers.py", line 686, in to_representation
    return [
           ^
  File "/home/vboxuser/homework/diplom/diplom_project/lib/python3.12/site-packages/django/db/models/query.py", line 386, in __iter__
    self._fetch_all()
  File "/home/vboxuser/homework/diplom/diplom_project/lib/python3.12/site-packages/django/db/models/query.py", line 1954, in _fetch_all
    self._result_cache = list(self._iterable_class(self))
                         ^^^^^^^^^^^^^^^^^^^^^^^^^^^^^^^^
  File "/home/vboxuser/homework/diplom/diplom_project/lib/python3.12/site-packages/django/db/models/query.py", line 133, in __iter__
    setattr(obj, attr_name, row[col_pos])
AttributeError: property 'total_sum' of 'Order' object has no setter
ERROR 2025-11-07 18:52:52,056 basehttp "GET /api/order HTTP/1.1" 500 129013
ERROR 2025-11-07 18:56:05,133 log Internal Server Error: /api/basket
Traceback (most recent call last):
  File "/home/vboxuser/homework/diplom/diplom_project/lib/python3.12/site-packages/django/core/handlers/exception.py", line 55, in inner
    response = get_response(request)
               ^^^^^^^^^^^^^^^^^^^^^
  File "/home/vboxuser/homework/diplom/diplom_project/lib/python3.12/site-packages/django/core/handlers/base.py", line 197, in _get_response
    response = wrapped_callback(request, *callback_args, **callback_kwargs)
               ^^^^^^^^^^^^^^^^^^^^^^^^^^^^^^^^^^^^^^^^^^^^^^^^^^^^^^^^^^^^
  File "/home/vboxuser/homework/diplom/diplom_project/lib/python3.12/site-packages/django/views/decorators/csrf.py", line 65, in _view_wrapper
    return view_func(request, *args, **kwargs)
           ^^^^^^^^^^^^^^^^^^^^^^^^^^^^^^^^^^^
  File "/home/vboxuser/homework/diplom/diplom_project/lib/python3.12/site-packages/django/views/generic/base.py", line 105, in view
    return self.dispatch(request, *args, **kwargs)
           ^^^^^^^^^^^^^^^^^^^^^^^^^^^^^^^^^^^^^^^
  File "/home/vboxuser/homework/diplom/diplom_project/lib/python3.12/site-packages/rest_framework/views.py", line 509, in dispatch
    response = self.handle_exception(exc)
               ^^^^^^^^^^^^^^^^^^^^^^^^^^
  File "/home/vboxuser/homework/diplom/diplom_project/lib/python3.12/site-packages/rest_framework/views.py", line 469, in handle_exception
    self.raise_uncaught_exception(exc)
  File "/home/vboxuser/homework/diplom/diplom_project/lib/python3.12/site-packages/rest_framework/views.py", line 480, in raise_uncaught_exception
    raise exc
  File "/home/vboxuser/homework/diplom/diplom_project/lib/python3.12/site-packages/rest_framework/views.py", line 506, in dispatch
    response = handler(request, *args, **kwargs)
               ^^^^^^^^^^^^^^^^^^^^^^^^^^^^^^^^^
  File "/home/vboxuser/homework/diplom/diplom_retail_network/backend/views.py", line 150, in get
    return Response(serializer.data)
                    ^^^^^^^^^^^^^^^
  File "/home/vboxuser/homework/diplom/diplom_project/lib/python3.12/site-packages/rest_framework/serializers.py", line 768, in data
    ret = super().data
          ^^^^^^^^^^^^
  File "/home/vboxuser/homework/diplom/diplom_project/lib/python3.12/site-packages/rest_framework/serializers.py", line 253, in data
    self._data = self.to_representation(self.instance)
                 ^^^^^^^^^^^^^^^^^^^^^^^^^^^^^^^^^^^^^
  File "/home/vboxuser/homework/diplom/diplom_project/lib/python3.12/site-packages/rest_framework/serializers.py", line 686, in to_representation
    return [
           ^
  File "/home/vboxuser/homework/diplom/diplom_project/lib/python3.12/site-packages/django/db/models/query.py", line 386, in __iter__
    self._fetch_all()
  File "/home/vboxuser/homework/diplom/diplom_project/lib/python3.12/site-packages/django/db/models/query.py", line 1954, in _fetch_all
    self._result_cache = list(self._iterable_class(self))
                         ^^^^^^^^^^^^^^^^^^^^^^^^^^^^^^^^
  File "/home/vboxuser/homework/diplom/diplom_project/lib/python3.12/site-packages/django/db/models/query.py", line 133, in __iter__
    setattr(obj, attr_name, row[col_pos])
AttributeError: property 'total_sum' of 'Order' object has no setter
ERROR 2025-11-07 18:56:05,134 basehttp "GET /api/basket HTTP/1.1" 500 126362
ERROR 2025-11-07 18:56:05,180 log Internal Server Error: /api/order
Traceback (most recent call last):
  File "/home/vboxuser/homework/diplom/diplom_project/lib/python3.12/site-packages/django/core/handlers/exception.py", line 55, in inner
    response = get_response(request)
               ^^^^^^^^^^^^^^^^^^^^^
  File "/home/vboxuser/homework/diplom/diplom_project/lib/python3.12/site-packages/django/core/handlers/base.py", line 197, in _get_response
    response = wrapped_callback(request, *callback_args, **callback_kwargs)
               ^^^^^^^^^^^^^^^^^^^^^^^^^^^^^^^^^^^^^^^^^^^^^^^^^^^^^^^^^^^^
  File "/home/vboxuser/homework/diplom/diplom_project/lib/python3.12/site-packages/django/views/decorators/csrf.py", line 65, in _view_wrapper
    return view_func(request, *args, **kwargs)
           ^^^^^^^^^^^^^^^^^^^^^^^^^^^^^^^^^^^
  File "/home/vboxuser/homework/diplom/diplom_project/lib/python3.12/site-packages/django/views/generic/base.py", line 105, in view
    return self.dispatch(request, *args, **kwargs)
           ^^^^^^^^^^^^^^^^^^^^^^^^^^^^^^^^^^^^^^^
  File "/home/vboxuser/homework/diplom/diplom_project/lib/python3.12/site-packages/rest_framework/views.py", line 509, in dispatch
    response = self.handle_exception(exc)
               ^^^^^^^^^^^^^^^^^^^^^^^^^^
  File "/home/vboxuser/homework/diplom/diplom_project/lib/python3.12/site-packages/rest_framework/views.py", line 469, in handle_exception
    self.raise_uncaught_exception(exc)
  File "/home/vboxuser/homework/diplom/diplom_project/lib/python3.12/site-packages/rest_framework/views.py", line 480, in raise_uncaught_exception
    raise exc
  File "/home/vboxuser/homework/diplom/diplom_project/lib/python3.12/site-packages/rest_framework/views.py", line 506, in dispatch
    response = handler(request, *args, **kwargs)
               ^^^^^^^^^^^^^^^^^^^^^^^^^^^^^^^^^
  File "/home/vboxuser/homework/diplom/diplom_retail_network/backend/views.py", line 315, in get
    return Response(serializer.data)
                    ^^^^^^^^^^^^^^^
  File "/home/vboxuser/homework/diplom/diplom_project/lib/python3.12/site-packages/rest_framework/serializers.py", line 768, in data
    ret = super().data
          ^^^^^^^^^^^^
  File "/home/vboxuser/homework/diplom/diplom_project/lib/python3.12/site-packages/rest_framework/serializers.py", line 253, in data
    self._data = self.to_representation(self.instance)
                 ^^^^^^^^^^^^^^^^^^^^^^^^^^^^^^^^^^^^^
  File "/home/vboxuser/homework/diplom/diplom_project/lib/python3.12/site-packages/rest_framework/serializers.py", line 686, in to_representation
    return [
           ^
  File "/home/vboxuser/homework/diplom/diplom_project/lib/python3.12/site-packages/django/db/models/query.py", line 386, in __iter__
    self._fetch_all()
  File "/home/vboxuser/homework/diplom/diplom_project/lib/python3.12/site-packages/django/db/models/query.py", line 1954, in _fetch_all
    self._result_cache = list(self._iterable_class(self))
                         ^^^^^^^^^^^^^^^^^^^^^^^^^^^^^^^^
  File "/home/vboxuser/homework/diplom/diplom_project/lib/python3.12/site-packages/django/db/models/query.py", line 133, in __iter__
    setattr(obj, attr_name, row[col_pos])
AttributeError: property 'total_sum' of 'Order' object has no setter
ERROR 2025-11-07 18:56:05,182 basehttp "GET /api/order HTTP/1.1" 500 129013
ERROR 2025-11-07 19:40:16,653 views_debug Error message - ошибка
ERROR 2025-11-07 19:40:16,655 error_monitoring Error captured: ValueError: Это тестовая ошибка для проверки мониторинга!
ERROR 2025-11-07 19:40:16,657 log Internal Server Error: /api/debug/error-test
ERROR 2025-11-07 20:01:35,490 views_debug Error message - ошибка
ERROR 2025-11-07 20:01:35,491 error_monitoring Error captured: ValueError: Это тестовая ошибка для проверки мониторинга!
ERROR 2025-11-07 20:01:35,492 log Internal Server Error: /api/debug/error-test
ERROR 2025-11-07 20:02:22,922 views_debug Error message - ошибка
ERROR 2025-11-07 20:02:22,922 error_monitoring Error captured: ValueError: Это тестовая ошибка для проверки мониторинга!
ERROR 2025-11-07 20:02:22,924 log Internal Server Error: /api/debug/error-test
ERROR 2025-11-07 20:45:24,181 views_debug Error message - ошибка
ERROR 2025-11-07 20:45:24,183 error_monitoring Error captured: ValueError: Это тестовая ошибка для проверки мониторинга!
ERROR 2025-11-07 20:45:24,185 log Internal Server Error: /api/debug/error-test
ERROR 2025-11-07 20:49:21,485 views_debug Error message - ошибка
ERROR 2025-11-07 20:49:21,485 error_monitoring Error captured: ValueError: Это тестовая ошибка для проверки мониторинга!
ERROR 2025-11-07 20:49:21,487 log Internal Server Error: /api/debug/error-test
